<?xml version="1.0" encoding="UTF-8"?>
<!-- Generated by org.testng.reporters.JUnitReportReporter -->
<testsuite hostname="pranaybolla" failures="0" tests="4" name="testNg_apache.prioritizedtestdemo" time="0.024" errors="0" timestamp="2021-07-26T22:50:48 IST" skipped="2">
  <testcase classname="testNg_apache.prioritizedtestdemo" name="Login" time="0.021"/>
  <system-out/>
  <testcase classname="testNg_apache.prioritizedtestdemo" name="deposit" time="0.003"/>
  <system-out/>
  <testcase classname="testNg_apache.prioritizedtestdemo" name="signout">
    <skipped/>
  </testcase> <!-- signout -->
  <system-out/>
  <testcase classname="testNg_apache.prioritizedtestdemo" name="withdraw">
    <skipped/>
  </testcase> <!-- withdraw -->
  <system-out/>
</testsuite> <!-- testNg_apache.prioritizedtestdemo -->
