<?xml version="1.0" encoding="UTF-8"?>
<!-- Generated by org.testng.reporters.JUnitReportReporter -->
<testsuite hostname="pranaybolla" failures="0" tests="1" name="testNg_apache.RedbusTESt" time="48.447" errors="0" timestamp="2021-09-21T17:07:13 IST" skipped="0">
  <testcase classname="testNg_apache.RedbusTESt" name="dateselection" time="48.447"/>
  <system-out>
    <![CDATA[Redbus test id successful..]]>
  </system-out>
</testsuite> <!-- testNg_apache.RedbusTESt -->
