<?xml version="1.0" encoding="UTF-8"?>
<!-- Generated by org.testng.reporters.JUnitReportReporter -->
<testsuite hostname="pranaybolla" failures="0" tests="1" name="testNg_apache.Ebaytestdemo" time="12.074" errors="0" timestamp="2021-09-21T23:27:27 IST" skipped="0">
  <testcase classname="testNg_apache.Ebaytestdemo" name="search" time="12.074"/>
  <system-out>
    <![CDATA[Ebay test is successful...]]>
  </system-out>
</testsuite> <!-- testNg_apache.Ebaytestdemo -->
