<?xml version="1.0" encoding="UTF-8"?>
<!-- Generated by org.testng.reporters.JUnitReportReporter -->
<testsuite hostname="pranaybolla" failures="0" tests="4" name="testNg_apache.MultitestDemo" time="0.021" errors="0" timestamp="2021-10-28T16:49:23 IST" skipped="1">
  <testcase classname="testNg_apache.MultitestDemo" name="login" time="0.016"/>
  <system-out/>
  <testcase classname="testNg_apache.MultitestDemo" name="deposit" time="0.003"/>
  <system-out/>
  <testcase classname="testNg_apache.MultitestDemo" name="withdraw" time="0.002"/>
  <system-out/>
  <testcase classname="testNg_apache.MultitestDemo" name="signOut">
    <skipped/>
  </testcase> <!-- signOut -->
  <system-out/>
</testsuite> <!-- testNg_apache.MultitestDemo -->
