<?xml version="1.0" encoding="UTF-8"?>
<!-- Generated by org.testng.reporters.JUnitReportReporter -->
<testsuite hostname="pranaybolla" failures="0" tests="4" name="testNg_apache.Multitestexecution" time="0.037" errors="0" timestamp="2021-07-26T22:45:50 IST" skipped="0">
  <testcase classname="testNg_apache.Multitestexecution" name="deposit" time="0.006"/>
  <system-out/>
  <testcase classname="testNg_apache.Multitestexecution" name="signout" time="0.003"/>
  <system-out/>
  <testcase classname="testNg_apache.Multitestexecution" name="Login" time="0.020"/>
  <system-out/>
  <testcase classname="testNg_apache.Multitestexecution" name="withdraw" time="0.008"/>
  <system-out/>
</testsuite> <!-- testNg_apache.Multitestexecution -->
