<?xml version="1.0" encoding="UTF-8"?>
<!-- Generated by org.testng.reporters.JUnitReportReporter -->
<testsuite hostname="pranaybolla" failures="0" tests="1" name="testNg_apache.EbaytestPractice" time="27.412" errors="0" timestamp="2021-09-21T16:58:06 IST" skipped="0">
  <testcase classname="testNg_apache.EbaytestPractice" name="ebaySearchTest" time="27.412"/>
  <system-out>
    <![CDATA[Ebay test is successful...]]>
  </system-out>
</testsuite> <!-- testNg_apache.EbaytestPractice -->
