<?xml version="1.0" encoding="UTF-8"?>
<!-- Generated by org.testng.reporters.JUnitReportReporter -->
<testsuite hostname="pranaybolla" failures="0" tests="1" name="testNg_apache.Usingannotations2" time="3.235" errors="0" timestamp="2021-09-22T10:59:44 IST" skipped="0">
  <testcase classname="testNg_apache.Usingannotations2" name="openDrive" time="3.235"/>
  <system-out>
    <![CDATA[opening Google drive test successful...]]>
  </system-out>
</testsuite> <!-- testNg_apache.Usingannotations2 -->
