<?xml version="1.0" encoding="UTF-8"?>
<!-- Generated by org.testng.reporters.JUnitReportReporter -->
<testsuite hostname="pranaybolla" failures="0" tests="2" name="testNg_apache.Grouptestngtemo" time="0.021" errors="0" timestamp="2021-10-28T16:48:38 IST" skipped="0">
  <testcase classname="testNg_apache.Grouptestngtemo" name="Login" time="0.016"/>
  <system-out/>
  <testcase classname="testNg_apache.Grouptestngtemo" name="signout" time="0.005"/>
  <system-out/>
</testsuite> <!-- testNg_apache.Grouptestngtemo -->
