<?xml version="1.0" encoding="UTF-8"?>
<!-- Generated by org.testng.reporters.JUnitReportReporter -->
<testsuite hostname="pranaybolla" failures="0" tests="1" name="testNg_apache.AmazonTest" time="37.467" errors="0" timestamp="2021-10-07T20:44:20 IST" skipped="0">
  <testcase classname="testNg_apache.AmazonTest" name="search" time="37.467"/>
  <system-out>
    <![CDATA[Amazon search Test is successful...]]>
  </system-out>
</testsuite> <!-- testNg_apache.AmazonTest -->
