<?xml version="1.0" encoding="UTF-8"?>
<!-- Generated by org.testng.reporters.JUnitReportReporter -->
<testsuite hostname="pranaybolla" failures="0" tests="1" name="pomTests.Ebayprodsearchtest" time="13.562" errors="0" timestamp="2021-06-17T14:06:05 IST" skipped="0">
  <testcase classname="pomTests.Ebayprodsearchtest" name="prodsearch" time="13.562"/>
  <system-out>
    <![CDATA[Ebay search test is successful...]]>
  </system-out>
</testsuite> <!-- pomTests.Ebayprodsearchtest -->
