<?xml version="1.0" encoding="UTF-8"?>
<!-- Generated by org.testng.reporters.JUnitReportReporter -->
<testsuite hostname="pranaybolla" failures="0" tests="1" name="SuperKeyword.Bulldog" time="0.013" errors="0" timestamp="2021-11-17T16:58:58 IST" skipped="0">
  <testcase classname="SuperKeyword.Bulldog" name="callingSuperClassMethods" time="0.013"/>
  <system-out/>
</testsuite> <!-- SuperKeyword.Bulldog -->
