<?xml version="1.0" encoding="UTF-8"?>
<!-- Generated by org.testng.reporters.JUnitReportReporter -->
<testsuite hostname="pranaybolla" failures="0" tests="2" name="testNg_apache.Testng" time="0.016" errors="0" timestamp="2021-09-22T16:07:30 IST" skipped="0">
  <testcase classname="testNg_apache.Testng" name="fourthTest" time="0.013"/>
  <system-out/>
  <testcase classname="testNg_apache.Testng" name="fifthTest" time="0.003"/>
  <system-out/>
</testsuite> <!-- testNg_apache.Testng -->
