<?xml version="1.0" encoding="UTF-8"?>
<!-- Generated by org.testng.reporters.JUnitReportReporter -->
<testsuite hostname="pranaybolla" failures="0" tests="1" name="testNg_apache.ParameterizeTestingPractice" time="9.027" errors="0" timestamp="2021-09-22T12:35:58 IST" skipped="0">
  <testcase classname="testNg_apache.ParameterizeTestingPractice" name="ebaySearch" time="9.027"/>
  <system-out/>
</testsuite> <!-- testNg_apache.ParameterizeTestingPractice -->
