<?xml version="1.0" encoding="UTF-8"?>
<!-- Generated by org.testng.reporters.JUnitReportReporter -->
<testsuite hostname="pranaybolla" failures="0" tests="2" name="testNg_apache.DependencyTestDemo" time="5.458" errors="0" timestamp="2021-07-24T21:48:33 IST" skipped="0">
  <testcase classname="testNg_apache.DependencyTestDemo" name="searchdemo" time="5.420"/>
  <system-out/>
  <testcase classname="testNg_apache.DependencyTestDemo" name="checktitle" time="0.038"/>
  <system-out/>
</testsuite> <!-- testNg_apache.DependencyTestDemo -->
