<?xml version="1.0" encoding="UTF-8"?>
<!-- Generated by org.testng.reporters.JUnitReportReporter -->
<testsuite hostname="pranaybolla" failures="0" tests="1" name="readingfiles.ReadingProertiespractice" time="0.013" errors="0" timestamp="2021-11-15T10:25:14 IST" skipped="0">
  <testcase classname="readingfiles.ReadingProertiespractice" name="getproperties" time="0.013"/>
  <system-out/>
</testsuite> <!-- readingfiles.ReadingProertiespractice -->
