<?xml version="1.0" encoding="UTF-8"?>
<!-- Generated by org.testng.reporters.JUnitReportReporter -->
<testsuite hostname="pranaybolla" failures="0" tests="1" name="testNg_apache.parametertestdemo" time="12.937" errors="0" timestamp="2021-07-26T23:07:49 IST" skipped="0">
  <testcase classname="testNg_apache.parametertestdemo" name="Search" time="12.937"/>
  <system-out>
    <![CDATA[ ''Telugu'product search in ' Music ' category is successful...]]>
  </system-out>
</testsuite> <!-- testNg_apache.parametertestdemo -->
